C:\USERS\JADOW\DOCUMENTS\VISUAL STUDIO 2010\PROJECTS\CHAR_HELPER\DEBUG\SUDOKU.EXE
C:\USERS\JADOW\DOCUMENTS\VISUAL STUDIO 2010\PROJECTS\CHAR_HELPER\DEBUG\SUDOKU.PDB
C:\Users\Jadow\Documents\Visual Studio 2010\Projects\char_helper\Sudoku\Debug\cl.command.1.tlog
C:\Users\Jadow\Documents\Visual Studio 2010\Projects\char_helper\Sudoku\Debug\CL.read.1.tlog
C:\Users\Jadow\Documents\Visual Studio 2010\Projects\char_helper\Sudoku\Debug\CL.write.1.tlog
C:\Users\Jadow\Documents\Visual Studio 2010\Projects\char_helper\Sudoku\Debug\link.command.1.tlog
C:\Users\Jadow\Documents\Visual Studio 2010\Projects\char_helper\Sudoku\Debug\link.read.1.tlog
C:\Users\Jadow\Documents\Visual Studio 2010\Projects\char_helper\Sudoku\Debug\link.write.1.tlog
C:\USERS\JADOW\DOCUMENTS\VISUAL STUDIO 2010\PROJECTS\CHAR_HELPER\SUDOKU\DEBUG\MAIN.OBJ
C:\USERS\JADOW\DOCUMENTS\VISUAL STUDIO 2010\PROJECTS\CHAR_HELPER\SUDOKU\DEBUG\MAIN2.OBJ
C:\Users\Jadow\Documents\Visual Studio 2010\Projects\char_helper\Sudoku\Debug\mt.command.1.tlog
C:\Users\Jadow\Documents\Visual Studio 2010\Projects\char_helper\Sudoku\Debug\mt.read.1.tlog
C:\Users\Jadow\Documents\Visual Studio 2010\Projects\char_helper\Sudoku\Debug\mt.write.1.tlog
C:\USERS\JADOW\DOCUMENTS\VISUAL STUDIO 2010\PROJECTS\CHAR_HELPER\SUDOKU\DEBUG\SUDOKU.EXE.INTERMEDIATE.MANIFEST
C:\USERS\JADOW\DOCUMENTS\VISUAL STUDIO 2010\PROJECTS\CHAR_HELPER\SUDOKU\DEBUG\SUDOKU.OBJ
C:\Users\Jadow\Documents\Visual Studio 2010\Projects\char_helper\Sudoku\Debug\Sudoku.vcxprojResolveAssemblyReference.cache
C:\Users\Jadow\Documents\Visual Studio 2010\Projects\char_helper\Sudoku\Debug\Sudoku.write.1.tlog
C:\USERS\JADOW\DOCUMENTS\VISUAL STUDIO 2010\PROJECTS\CHAR_HELPER\SUDOKU\DEBUG\SUDOKUCONTROLLER.OBJ
C:\USERS\JADOW\DOCUMENTS\VISUAL STUDIO 2010\PROJECTS\CHAR_HELPER\SUDOKU\DEBUG\SUDOKUINTERFACE.OBJ
C:\Users\Jadow\Documents\Visual Studio 2010\Projects\char_helper\Sudoku\Debug\vc100.idb
C:\USERS\JADOW\DOCUMENTS\VISUAL STUDIO 2010\PROJECTS\CHAR_HELPER\SUDOKU\DEBUG\VC100.PDB
