Build started 1/4/2017 10:13:57 PM.
     1>Project "C:\Users\Jadow\Documents\Visual Studio 2010\Projects\Soduku\Sudoku\Sudoku.vcxproj" on node 2 (build target(s)).
     1>InitializeBuildStatus:
         Creating "Debug\Sudoku.unsuccessfulbuild" because "AlwaysCreate" was specified.
       ClCompile:
         C:\Program Files (x86)\Microsoft Visual Studio 10.0\VC\bin\CL.exe /c /ZI /nologo /W3 /WX- /Od /Oy- /D WIN32 /D _DEBUG /D _CONSOLE /D _UNICODE /D UNICODE /Gm /EHsc /RTC1 /MDd /GS /fp:precise /Zc:wchar_t /Zc:forScope /Fo"Debug\\" /Fd"Debug\vc100.pdb" /Gd /TP /analyze- /errorReport:prompt main.cpp
         main.cpp
       Link:
         C:\Program Files (x86)\Microsoft Visual Studio 10.0\VC\bin\link.exe /ERRORREPORT:PROMPT /OUT:"C:\Users\Jadow\Documents\Visual Studio 2010\Projects\Soduku\Debug\Sudoku.exe" /INCREMENTAL:NO /NOLOGO kernel32.lib user32.lib gdi32.lib winspool.lib comdlg32.lib advapi32.lib shell32.lib ole32.lib oleaut32.lib uuid.lib odbc32.lib odbccp32.lib /MANIFEST /ManifestFile:"Debug\Sudoku.exe.intermediate.manifest" /MANIFESTUAC:"level='asInvoker' uiAccess='false'" /DEBUG /PDB:"C:\Users\Jadow\Documents\Visual Studio 2010\Projects\Soduku\Debug\Sudoku.pdb" /SUBSYSTEM:CONSOLE /TLBID:1 /DYNAMICBASE /NXCOMPAT /IMPLIB:"C:\Users\Jadow\Documents\Visual Studio 2010\Projects\Soduku\Debug\Sudoku.lib" /MACHINE:X86 Debug\main.obj
         Debug\Sudoku.obj
     1>main.obj : warning LNK4075: ignoring '/EDITANDCONTINUE' due to '/INCREMENTAL:NO' specification
         Sudoku.vcxproj -> C:\Users\Jadow\Documents\Visual Studio 2010\Projects\Soduku\Debug\Sudoku.exe
       Manifest:
         C:\Program Files (x86)\Microsoft SDKs\Windows\v7.0A\bin\mt.exe /nologo /verbose /outputresource:"C:\Users\Jadow\Documents\Visual Studio 2010\Projects\Soduku\Debug\Sudoku.exe;#1" /manifest Debug\Sudoku.exe.intermediate.manifest
       FinalizeBuildStatus:
         Deleting file "Debug\Sudoku.unsuccessfulbuild".
         Touching "Debug\Sudoku.lastbuildstate".
     1>Done Building Project "C:\Users\Jadow\Documents\Visual Studio 2010\Projects\Soduku\Sudoku\Sudoku.vcxproj" (build target(s)).

Build succeeded.

Time Elapsed 00:00:00.41
